
> apex-task-manager@0.1.0 build
> next build

node.exe : ΓÜá Warning: Next.js 
inferred your workspace root, but it 
may not be correct.
At line:1 char:1
+ & "C:\Program 
Files\nodejs/node.exe" "C:\Program 
Files\nodejs/node_mo ...
+ ~~~~~~~~~~~~~~~~~~~~~~~~~~~~~~~~~~~
~~~~~~~~~~~~~~~~~~~~~~~~~~~~~~~~~~
    + CategoryInfo          : NotSpe 
   cified: (ΓÜá Warning: Ne...not b  
  e correct.:String) [], RemoteExc   
 eption
    + FullyQualifiedErrorId : Native 
   CommandError
 
 We detected multiple lockfiles and 
selected the directory of C:\Users\Am
ol\Akash\apexquants\package-lock.json
 as the root directory.
 To silence this warning, set 
`turbopack.root` in your Next.js 
config, or consider removing one of 
the lockfiles if it's not needed.
   See https://nextjs.org/docs/app/ap
i-reference/config/next-config-js/tur
bopack#root-directory for more 
information.
 Detected additional lockfiles: 
   * C:\Users\Amol\Akash\apexquants\a
pex-task-manager\package-lock.json

Γû▓ Next.js 16.1.6 (Turbopack)

  Creating an optimized production build ...

> Build error occurred
Error: Turbopack build failed with 2 
errors:
./apex-task-manager/app/dashboard/set
tings/page.tsx:426:7
Parsing ecmascript source code failed
[0m [90m 424 |[39m         [33m<
[39m[33m/[39m[33mdiv[39m[33m>[3
9m
 [90m 425 |[39m         )}
[31m[1m>[22m[39m[90m 426 |[39m 
      [33m<[39m[33m/[39m[33mdiv
[39m[33m>[39m
 [90m     |[39m       
[31m[1m^[22m[39m
 [90m 427 |[39m     [33m<[39m[33
m/[39m[33mdiv[39m[33m>[39m
 [90m 428 |[39m   )[33m;[39m
 [90m 429 |[39m }[0m

Expression expected


./apex-task-manager/app/dashboard/set
tings/page.tsx:426:8
Parsing ecmascript source code failed
[0m [90m 424 |[39m         [33m<
[39m[33m/[39m[33mdiv[39m[33m>[3
9m
 [90m 425 |[39m         )}
[31m[1m>[22m[39m[90m 426 |[39m 
      [33m<[39m[33m/[39m[33mdiv
[39m[33m>[39m
 [90m     |[39m        [31m[1m^[
22m[39m[31m[1m^[22m[39m[31m[1m
^[22m[39m[31m[1m^[22m[39m[31m
[1m^[22m[39m
 [90m 427 |[39m     [33m<[39m[33
m/[39m[33mdiv[39m[33m>[39m
 [90m 428 |[39m   )[33m;[39m
 [90m 429 |[39m }[0m

Unterminated regexp literal


    at <unknown> (./apex-task-manager
/app/dashboard/settings/page.tsx:426:
7)
    at <unknown> (./apex-task-manager
/app/dashboard/settings/page.tsx:426:
8)
