node.exe : ΓÜá Warning: Next.js 
inferred your workspace root, but it 
may not be correct.
At line:1 char:1
+ & "C:\Program 
Files\nodejs/node.exe" "C:\Program 
Files\nodejs/node_mo ...
+ ~~~~~~~~~~~~~~~~~~~~~~~~~~~~~~~~~~~
~~~~~~~~~~~~~~~~~~~~~~~~~~~~~~~~~~
    + CategoryInfo          : NotSpe 
   cified: (ΓÜá Warning: Ne...not b  
  e correct.:String) [], RemoteExc   
 eption
    + FullyQualifiedErrorId : Native 
   CommandError
 
 We detected multiple lockfiles and 
selected the directory of C:\Users\Am
ol\Akash\apexquants\package-lock.json
 as the root directory.
 To silence this warning, set 
`turbopack.root` in your Next.js 
config, or consider removing one of 
the lockfiles if it's not needed.
   See https://nextjs.org/docs/app/ap
i-reference/config/next-config-js/tur
bopack#root-directory for more 
information.
 Detected additional lockfiles: 
   * C:\Users\Amol\Akash\apexquants\a
pex-task-manager\package-lock.json

Γû▓ Next.js 16.1.6 (Turbopack)

  Creating an optimized production build ...

> Build error occurred
Error: Turbopack build failed with 3 
errors:
./apex-task-manager/app/dashboard/set
tings/page.tsx:34:3
Ecmascript file had an error
[0m [90m 32 |[39m 
[36mimport[39m { toast } 
[36mfrom[39m [32m"react-hot-toast"
[39m[33m;[39m
 [90m 33 |[39m [36mimport[39m {
[31m[1m>[22m[39m[90m 34 |[39m  
 settingsService[33m,[39m
 [90m    |[39m   [31m[1m^[22m[3
9m[31m[1m^[22m[39m[31m[1m^[22m
[39m[31m[1m^[22m[39m[31m[1m^[
22m[39m[31m[1m^[22m[39m[31m[1m
^[22m[39m[31m[1m^[22m[39m[31m
[1m^[22m[39m[31m[1m^[22m[39m[3
1m[1m^[22m[39m[31m[1m^[22m[39m
[31m[1m^[22m[39m[31m[1m^[22m[
39m[31m[1m^[22m[39m
 [90m 35 |[39m   
[33mSystemSettings[39m[33m,[39m
 [90m 36 |[39m } [36mfrom[39m [3
2m"@/app/services/settingsServices"[
39m[33m;[39m
 [90m 37 |[39m [36mimport[39m { 
useEffect } [36mfrom[39m 
[32m"react"[39m[33m;[39m[0m

the name `settingsService` is 
defined multiple times

Import traces:
  Client Component Browser:
    ./apex-task-manager/app/dashboard
/settings/page.tsx [Client Component 
Browser]
    ./apex-task-manager/app/dashboard
/settings/page.tsx [Server Component]

  Client Component SSR:
    ./apex-task-manager/app/dashboard
/settings/page.tsx [Client Component 
SSR]
    ./apex-task-manager/app/dashboard
/settings/page.tsx [Server Component]


./apex-task-manager/app/dashboard/set
tings/page.tsx:38:10
Ecmascript file had an error
[0m [90m 36 |[39m } 
[36mfrom[39m [32m"@/app/services/s
ettingsServices"[39m[33m;[39m
 [90m 37 |[39m [36mimport[39m { 
useEffect } [36mfrom[39m 
[32m"react"[39m[33m;[39m
[31m[1m>[22m[39m[90m 38 |[39m 
[36mimport[39m { toast } 
[36mfrom[39m [32m"react-hot-toast"
[39m[33m;[39m
 [90m    |[39m          [31m[1m^
[22m[39m[31m[1m^[22m[39m[31m[1
m^[22m[39m[31m[1m^[22m[39m[31m
[1m^[22m[39m
 [90m 39 |[39m
 [90m 40 |[39m [36mconst[39m 
[33mTABS[39m [33m=[39m [
 [90m 41 |[39m   { id[33m:[39m 
[32m"general"[39m[33m,[39m 
label[33m:[39m 
[32m"General"[39m[33m,[39m 
icon[33m:[39m [33mGlobe[39m 
}[33m,[39m[0m

the name `toast` is defined multiple 
times

Import traces:
  Client Component Browser:
    ./apex-task-manager/app/dashboard
/settings/page.tsx [Client Component 
Browser]
    ./apex-task-manager/app/dashboard
/settings/page.tsx [Server Component]

  Client Component SSR:
    ./apex-task-manager/app/dashboard
/settings/page.tsx [Client Component 
SSR]
    ./apex-task-manager/app/dashboard
/settings/page.tsx [Server Component]


./apex-task-manager/app/dashboard/set
tings/page.tsx:37:10
Ecmascript file had an error
[0m [90m 35 |[39m   
[33mSystemSettings[39m[33m,[39m
 [90m 36 |[39m } [36mfrom[39m [3
2m"@/app/services/settingsServices"[
39m[33m;[39m
[31m[1m>[22m[39m[90m 37 |[39m 
[36mimport[39m { useEffect } 
[36mfrom[39m 
[32m"react"[39m[33m;[39m
 [90m    |[39m          [31m[1m^
[22m[39m[31m[1m^[22m[39m[31m[1
m^[22m[39m[31m[1m^[22m[39m[31m
[1m^[22m[39m[31m[1m^[22m[39m[
31m[1m^[22m[39m[31m[1m^[22m[39
m[31m[1m^[22m[39m
 [90m 38 |[39m [36mimport[39m { 
toast } [36mfrom[39m [32m"react-ho
t-toast"[39m[33m;[39m
 [90m 39 |[39m
 [90m 40 |[39m [36mconst[39m 
[33mTABS[39m [33m=[39m [[0m

the name `useEffect` is defined 
multiple times

Import traces:
  Client Component Browser:
    ./apex-task-manager/app/dashboard
/settings/page.tsx [Client Component 
Browser]
    ./apex-task-manager/app/dashboard
/settings/page.tsx [Server Component]

  Client Component SSR:
    ./apex-task-manager/app/dashboard
/settings/page.tsx [Client Component 
SSR]
    ./apex-task-manager/app/dashboard
/settings/page.tsx [Server Component]


    at <unknown> (./apex-task-manager
/app/dashboard/settings/page.tsx:34:3
)
    at <unknown> (./apex-task-manager
/app/dashboard/settings/page.tsx:38:1
0)
    at <unknown> (./apex-task-manager
/app/dashboard/settings/page.tsx:37:1
0)
